<?xml version="1.0" encoding="UTF-8"?>
<!-- Generated by org.testng.reporters.JUnitReportReporter -->
<testsuite hostname="LAPTOP-DNHNPR04" failures="0" tests="8" name="testCases.TC003_LoginDDT" time="73.331" errors="0" timestamp="2024-09-05T13:26:41 IST" skipped="0">
  <testcase classname="testCases.TC003_LoginDDT" name="verify_LoginDDT" time="11.148"/>
  <testcase classname="testCases.TC003_LoginDDT" name="verify_LoginDDT" time="11.758"/>
  <testcase classname="testCases.TC003_LoginDDT" name="verify_LoginDDT" time="11.470"/>
  <testcase classname="testCases.TC003_LoginDDT" name="verify_LoginDDT" time="2.002"/>
  <testcase classname="testCases.TC003_LoginDDT" name="verify_LoginDDT" time="11.087"/>
  <testcase classname="testCases.TC003_LoginDDT" name="verify_LoginDDT" time="11.054"/>
  <testcase classname="testCases.TC003_LoginDDT" name="verify_LoginDDT" time="11.503"/>
  <testcase classname="testCases.TC003_LoginDDT" name="verify_LoginDDT" time="3.309"/>
</testsuite> <!-- testCases.TC003_LoginDDT -->
