<?xml version="1.0" encoding="UTF-8"?>
<!-- Generated by org.testng.reporters.JUnitReportReporter -->
<testsuite hostname="LAPTOP-DNHNPR04" failures="0" tests="2" name="testCases.TC001_AccountRegistrationTest" time="4.498" errors="0" timestamp="2024-09-05T13:31:57 IST" skipped="0">
  <testcase classname="testCases.TC001_AccountRegistrationTest" name="verify_account_registration" time="2.322"/>
  <testcase classname="testCases.TC001_AccountRegistrationTest" name="verify_account_registration" time="2.176"/>
</testsuite> <!-- testCases.TC001_AccountRegistrationTest -->
